TN:
SF:controllers/authController.js
FN:5,(anonymous_0)
FN:14,(anonymous_1)
FN:142,(anonymous_2)
FN:176,(anonymous_3)
FNF:4
FNH:0
FNDA:0,(anonymous_0)
FNDA:0,(anonymous_1)
FNDA:0,(anonymous_2)
FNDA:0,(anonymous_3)
DA:5,0
DA:6,0
DA:14,0
DA:15,0
DA:16,0
DA:19,0
DA:20,0
DA:27,0
DA:38,0
DA:39,0
DA:46,0
DA:47,0
DA:54,0
DA:55,0
DA:56,0
DA:63,0
DA:66,0
DA:69,0
DA:81,0
DA:82,0
DA:90,0
DA:92,0
DA:94,0
DA:98,0
DA:101,0
DA:105,0
DA:108,0
DA:112,0
DA:115,0
DA:119,0
DA:122,0
DA:133,0
DA:134,0
DA:142,0
DA:143,0
DA:144,0
DA:155,0
DA:156,0
DA:162,0
DA:167,0
DA:168,0
DA:176,0
DA:177,0
DA:180,0
DA:185,0
DA:186,0
LF:46
LH:0
BRDA:9,0,0,0
BRDA:9,0,1,0
BRDA:19,1,0,0
BRDA:19,1,1,0
BRDA:19,2,0,0
BRDA:19,2,1,0
BRDA:38,3,0,0
BRDA:38,3,1,0
BRDA:46,4,0,0
BRDA:46,4,1,0
BRDA:55,5,0,0
BRDA:55,5,1,0
BRDA:81,6,0,0
BRDA:81,6,1,0
BRDA:92,7,0,0
BRDA:92,7,1,0
BRDA:92,7,2,0
BRDA:92,7,3,0
BRDA:128,8,0,0
BRDA:128,8,1,0
BRDA:155,9,0,0
BRDA:155,9,1,0
BRF:22
BRH:0
end_of_record
TN:
SF:controllers/displayController.js
FN:5,(anonymous_0)
FN:86,(anonymous_1)
FN:87,(anonymous_2)
FN:101,(anonymous_3)
FN:118,(anonymous_4)
FN:139,(anonymous_5)
FN:247,(anonymous_6)
FN:298,(anonymous_7)
FN:299,(anonymous_8)
FN:308,(anonymous_9)
FN:316,(anonymous_10)
FN:337,(anonymous_11)
FN:363,(anonymous_12)
FN:369,(anonymous_13)
FN:393,(anonymous_14)
FN:408,(anonymous_15)
FN:409,(anonymous_16)
FNF:17
FNH:0
FNDA:0,(anonymous_0)
FNDA:0,(anonymous_1)
FNDA:0,(anonymous_2)
FNDA:0,(anonymous_3)
FNDA:0,(anonymous_4)
FNDA:0,(anonymous_5)
FNDA:0,(anonymous_6)
FNDA:0,(anonymous_7)
FNDA:0,(anonymous_8)
FNDA:0,(anonymous_9)
FNDA:0,(anonymous_10)
FNDA:0,(anonymous_11)
FNDA:0,(anonymous_12)
FNDA:0,(anonymous_13)
FNDA:0,(anonymous_14)
FNDA:0,(anonymous_15)
FNDA:0,(anonymous_16)
DA:5,0
DA:6,0
DA:8,0
DA:13,0
DA:16,0
DA:17,0
DA:20,0
DA:47,0
DA:73,0
DA:86,0
DA:87,0
DA:90,0
DA:92,0
DA:101,0
DA:118,0
DA:120,0
DA:130,0
DA:131,0
DA:139,0
DA:140,0
DA:141,0
DA:143,0
DA:144,0
DA:151,0
DA:173,0
DA:174,0
DA:181,0
DA:182,0
DA:184,0
DA:186,0
DA:197,0
DA:200,0
DA:201,0
DA:205,0
DA:207,0
DA:238,0
DA:239,0
DA:247,0
DA:248,0
DA:249,0
DA:251,0
DA:252,0
DA:259,0
DA:260,0
DA:267,0
DA:277,0
DA:278,0
DA:285,0
DA:298,0
DA:299,0
DA:301,0
DA:308,0
DA:316,0
DA:328,0
DA:329,0
DA:337,0
DA:338,0
DA:339,0
DA:356,0
DA:358,0
DA:359,0
DA:363,0
DA:364,0
DA:365,0
DA:366,0
DA:369,0
DA:370,0
DA:371,0
DA:386,0
DA:388,0
DA:389,0
DA:393,0
DA:394,0
DA:395,0
DA:408,0
DA:409,0
DA:411,0
DA:417,0
DA:418,0
LF:79
LH:0
BRDA:86,0,0,0
BRDA:86,0,1,0
BRDA:87,1,0,0
BRDA:87,1,1,0
BRDA:94,2,0,0
BRDA:94,2,1,0
BRDA:97,3,0,0
BRDA:97,3,1,0
BRDA:143,4,0,0
BRDA:143,4,1,0
BRDA:173,5,0,0
BRDA:173,5,1,0
BRDA:184,6,0,0
BRDA:184,6,1,0
BRDA:227,7,0,0
BRDA:227,7,1,0
BRDA:251,8,0,0
BRDA:251,8,1,0
BRDA:259,9,0,0
BRDA:259,9,1,0
BRDA:277,10,0,0
BRDA:277,10,1,0
BRDA:277,11,0,0
BRDA:277,11,1,0
BRDA:356,12,0,0
BRDA:356,12,1,0
BRDA:386,13,0,0
BRDA:386,13,1,0
BRDA:408,14,0,0
BRDA:408,14,1,0
BRDA:409,15,0,0
BRDA:409,15,1,0
BRF:32
BRH:0
end_of_record
TN:
SF:controllers/doctorController.js
FN:6,(anonymous_0)
FN:70,(anonymous_1)
FN:71,(anonymous_2)
FN:96,(anonymous_3)
FN:213,(anonymous_4)
FN:293,(anonymous_5)
FN:378,(anonymous_6)
FN:395,(anonymous_7)
FNF:8
FNH:0
FNDA:0,(anonymous_0)
FNDA:0,(anonymous_1)
FNDA:0,(anonymous_2)
FNDA:0,(anonymous_3)
FNDA:0,(anonymous_4)
FNDA:0,(anonymous_5)
FNDA:0,(anonymous_6)
FNDA:0,(anonymous_7)
DA:6,0
DA:7,0
DA:8,0
DA:12,0
DA:14,0
DA:15,0
DA:22,0
DA:47,0
DA:68,0
DA:70,0
DA:71,0
DA:75,0
DA:87,0
DA:88,0
DA:96,0
DA:97,0
DA:98,0
DA:99,0
DA:101,0
DA:102,0
DA:109,0
DA:116,0
DA:117,0
DA:127,0
DA:151,0
DA:152,0
DA:159,0
DA:167,0
DA:168,0
DA:169,0
DA:171,0
DA:176,0
DA:192,0
DA:204,0
DA:205,0
DA:213,0
DA:214,0
DA:215,0
DA:216,0
DA:219,0
DA:239,0
DA:240,0
DA:247,0
DA:248,0
DA:250,0
DA:251,0
DA:255,0
DA:264,0
DA:265,0
DA:266,0
DA:268,0
DA:272,0
DA:284,0
DA:285,0
DA:293,0
DA:294,0
DA:295,0
DA:296,0
DA:298,0
DA:299,0
DA:307,0
DA:309,0
DA:311,0
DA:312,0
DA:313,0
DA:315,0
DA:316,0
DA:317,0
DA:319,0
DA:320,0
DA:321,0
DA:323,0
DA:324,0
DA:328,0
DA:346,0
DA:357,0
DA:369,0
DA:370,0
DA:378,0
DA:379,0
DA:381,0
DA:387,0
DA:389,0
DA:390,0
DA:395,0
DA:396,0
DA:397,0
DA:414,0
DA:416,0
DA:417,0
LF:90
LH:0
BRDA:12,0,0,0
BRDA:12,0,1,0
BRDA:14,1,0,0
BRDA:14,1,1,0
BRDA:101,2,0,0
BRDA:101,2,1,0
BRDA:116,3,0,0
BRDA:116,3,1,0
BRDA:151,4,0,0
BRDA:151,4,1,0
BRDA:239,5,0,0
BRDA:239,5,1,0
BRDA:250,6,0,0
BRDA:250,6,1,0
BRDA:259,7,0,0
BRDA:259,7,1,0
BRDA:296,8,0,0
BRDA:298,9,0,0
BRDA:298,9,1,0
BRDA:309,10,0,0
BRDA:309,10,1,0
BRDA:309,10,2,0
BRDA:309,10,3,0
BRDA:387,11,0,0
BRDA:387,11,1,0
BRDA:414,12,0,0
BRDA:414,12,1,0
BRF:27
BRH:0
end_of_record
TN:
SF:controllers/queueController.js
FN:7,(anonymous_0)
FN:36,(anonymous_1)
FN:59,(anonymous_2)
FN:232,(anonymous_3)
FNF:4
FNH:0
FNDA:0,(anonymous_0)
FNDA:0,(anonymous_1)
FNDA:0,(anonymous_2)
FNDA:0,(anonymous_3)
DA:7,0
DA:8,0
DA:10,0
DA:13,0
DA:14,0
DA:16,0
DA:26,0
DA:28,0
DA:30,0
DA:31,0
DA:36,0
DA:37,0
DA:39,0
DA:48,0
DA:49,0
DA:51,0
DA:53,0
DA:54,0
DA:59,0
DA:60,0
DA:61,0
DA:64,0
DA:65,0
DA:72,0
DA:74,0
DA:75,0
DA:81,0
DA:84,0
DA:95,0
DA:98,0
DA:102,0
DA:103,0
DA:115,0
DA:130,0
DA:142,0
DA:151,0
DA:152,0
DA:164,0
DA:165,0
DA:168,0
DA:181,0
DA:183,0
DA:184,0
DA:186,0
DA:191,0
DA:207,0
DA:223,0
DA:224,0
DA:232,0
DA:233,0
DA:234,0
DA:236,0
DA:258,0
DA:259,0
DA:266,0
DA:277,0
DA:287,0
DA:288,0
LF:58
LH:0
BRDA:61,0,0,0
BRDA:64,1,0,0
BRDA:64,1,1,0
BRDA:64,2,0,0
BRDA:64,2,1,0
BRDA:64,2,2,0
BRDA:74,3,0,0
BRDA:74,3,1,0
BRDA:77,4,0,0
BRDA:77,4,1,0
BRDA:95,5,0,0
BRDA:95,5,1,0
BRDA:102,6,0,0
BRDA:102,6,1,0
BRDA:121,7,0,0
BRDA:121,7,1,0
BRDA:122,8,0,0
BRDA:122,8,1,0
BRDA:123,9,0,0
BRDA:123,9,1,0
BRDA:125,10,0,0
BRDA:125,10,1,0
BRDA:126,11,0,0
BRDA:126,11,1,0
BRDA:151,12,0,0
BRDA:151,12,1,0
BRDA:258,13,0,0
BRDA:258,13,1,0
BRF:28
BRH:0
end_of_record
TN:
SF:controllers/userController.js
FN:6,(anonymous_0)
FN:82,(anonymous_1)
FNF:2
FNH:0
FNDA:0,(anonymous_0)
FNDA:0,(anonymous_1)
DA:6,0
DA:7,0
DA:16,0
DA:19,0
DA:28,0
DA:29,0
DA:36,0
DA:37,0
DA:40,0
DA:52,0
DA:64,0
DA:73,0
DA:74,0
DA:82,0
DA:83,0
DA:84,0
DA:96,0
DA:99,0
DA:103,0
DA:104,0
DA:111,0
DA:125,0
DA:141,0
DA:142,0
LF:24
LH:0
BRDA:28,0,0,0
BRDA:28,0,1,0
BRDA:103,1,0,0
BRDA:103,1,1,0
BRF:4
BRH:0
end_of_record
TN:
SF:middleware/auth.js
FN:5,(anonymous_0)
FN:57,(anonymous_1)
FN:58,(anonymous_2)
FN:78,(anonymous_3)
FN:79,(anonymous_4)
FNF:5
FNH:0
FNDA:0,(anonymous_0)
FNDA:0,(anonymous_1)
FNDA:0,(anonymous_2)
FNDA:0,(anonymous_3)
FNDA:0,(anonymous_4)
DA:5,0
DA:6,0
DA:7,0
DA:8,0
DA:10,0
DA:11,0
DA:17,0
DA:20,0
DA:24,0
DA:25,0
DA:31,0
DA:32,0
DA:34,0
DA:35,0
DA:41,0
DA:42,0
DA:48,0
DA:49,0
DA:57,0
DA:58,0
DA:59,0
DA:60,0
DA:66,0
DA:67,0
DA:73,0
DA:78,0
DA:79,0
DA:80,0
DA:83,0
DA:84,0
DA:88,0
DA:89,0
DA:92,0
LF:33
LH:0
BRDA:8,0,0,0
BRDA:8,0,1,0
BRDA:10,1,0,0
BRDA:10,1,1,0
BRDA:24,2,0,0
BRDA:24,2,1,0
BRDA:24,3,0,0
BRDA:24,3,1,0
BRDA:34,4,0,0
BRDA:34,4,1,0
BRDA:41,5,0,0
BRDA:41,5,1,0
BRDA:59,6,0,0
BRDA:59,6,1,0
BRDA:66,7,0,0
BRDA:66,7,1,0
BRDA:78,8,0,0
BRDA:80,9,0,0
BRDA:80,9,1,0
BRDA:83,10,0,0
BRDA:83,10,1,0
BRDA:88,11,0,0
BRDA:88,11,1,0
BRF:23
BRH:0
end_of_record
TN:
SF:middleware/queueValidation.js
FN:45,(anonymous_0)
FN:46,(anonymous_1)
FN:50,(anonymous_2)
FNF:3
FNH:0
FNDA:0,(anonymous_0)
FNDA:0,(anonymous_1)
FNDA:0,(anonymous_2)
DA:4,0
DA:34,0
DA:45,0
DA:46,0
DA:47,0
DA:49,0
DA:50,0
DA:51,0
DA:58,0
LF:9
LH:0
BRDA:49,0,0,0
BRDA:49,0,1,0
BRF:2
BRH:0
end_of_record
TN:
SF:middleware/validation.js
FN:82,(anonymous_0)
FN:83,(anonymous_1)
FN:87,(anonymous_2)
FNF:3
FNH:0
FNDA:0,(anonymous_0)
FNDA:0,(anonymous_1)
FNDA:0,(anonymous_2)
DA:4,0
DA:16,0
DA:52,0
DA:82,0
DA:83,0
DA:84,0
DA:86,0
DA:87,0
DA:88,0
DA:95,0
LF:10
LH:0
BRDA:86,0,0,0
BRDA:86,0,1,0
BRF:2
BRH:0
end_of_record
TN:
SF:models/Patient.js
FNF:0
FNH:0
DA:4,0
LF:1
LH:0
BRF:0
BRH:0
end_of_record
TN:
SF:models/Queue.js
FNF:0
FNH:0
DA:4,0
LF:1
LH:0
BRF:0
BRH:0
end_of_record
TN:
SF:models/User.js
FN:56,(anonymous_0)
FN:61,(anonymous_1)
FN:71,(anonymous_2)
FNF:3
FNH:0
FNDA:0,(anonymous_0)
FNDA:0,(anonymous_1)
FNDA:0,(anonymous_2)
DA:5,0
DA:57,0
DA:58,0
DA:62,0
DA:63,0
DA:71,0
DA:72,0
LF:7
LH:0
BRDA:57,0,0,0
BRDA:57,0,1,0
BRDA:62,1,0,0
BRDA:62,1,1,0
BRF:4
BRH:0
end_of_record
TN:
SF:models/index.js
FNF:0
FNH:0
DA:7,0
DA:12,0
DA:17,0
DA:22,0
DA:27,0
DA:32,0
DA:38,0
LF:7
LH:0
BRF:0
BRH:0
end_of_record
TN:
SF:models/test-index.js
FN:215,(anonymous_0)
FNF:1
FNH:0
FNDA:0,(anonymous_0)
DA:5,1
DA:59,1
DA:113,1
DA:184,1
DA:189,1
DA:194,1
DA:199,1
DA:204,1
DA:209,1
DA:215,1
DA:216,0
DA:217,0
DA:221,1
LF:13
LH:11
BRF:0
BRH:0
end_of_record
TN:
SF:routes/auth.js
FNF:0
FNH:0
DA:7,0
DA:10,0
DA:11,0
DA:14,0
DA:15,0
DA:16,0
LF:6
LH:0
BRF:0
BRH:0
end_of_record
TN:
SF:routes/display.js
FN:19,(anonymous_0)
FNF:1
FNH:0
FNDA:0,(anonymous_0)
DA:5,0
DA:10,0
DA:13,0
DA:16,0
DA:19,0
DA:20,0
DA:22,0
DA:23,0
DA:29,0
DA:30,0
DA:36,0
DA:40,0
LF:12
LH:0
BRDA:22,0,0,0
BRDA:22,0,1,0
BRDA:29,1,0,0
BRDA:29,1,1,0
BRF:4
BRH:0
end_of_record
TN:
SF:routes/doctor.js
FN:28,(anonymous_0)
FN:29,(anonymous_1)
FN:33,(anonymous_2)
FNF:3
FNH:0
FNDA:0,(anonymous_0)
FNDA:0,(anonymous_1)
FNDA:0,(anonymous_2)
DA:6,0
DA:9,0
DA:10,0
DA:13,0
DA:21,0
DA:28,0
DA:29,0
DA:30,0
DA:32,0
DA:33,0
DA:34,0
DA:41,0
DA:48,0
DA:51,0
DA:54,0
DA:57,0
LF:16
LH:0
BRDA:32,0,0,0
BRDA:32,0,1,0
BRF:2
BRH:0
end_of_record
TN:
SF:routes/index.js
FN:15,(anonymous_0)
FNF:1
FNH:0
FNDA:0,(anonymous_0)
DA:3,0
DA:15,0
DA:16,0
DA:24,0
DA:25,0
DA:26,0
DA:27,0
DA:28,0
DA:29,0
DA:30,0
LF:10
LH:0
BRF:0
BRH:0
end_of_record
TN:
SF:routes/notifications.js
FN:12,(anonymous_0)
FN:52,(anonymous_1)
FNF:2
FNH:0
FNDA:0,(anonymous_0)
FNDA:0,(anonymous_1)
DA:4,0
DA:7,0
DA:10,0
DA:13,0
DA:14,0
DA:16,0
DA:17,0
DA:24,0
DA:29,0
DA:40,0
DA:41,0
DA:50,0
DA:53,0
DA:55,0
DA:76,0
DA:81,0
DA:82,0
LF:17
LH:0
BRDA:16,0,0,0
BRDA:16,0,1,0
BRDA:16,1,0,0
BRDA:16,1,1,0
BRDA:36,2,0,0
BRDA:36,2,1,0
BRF:6
BRH:0
end_of_record
TN:
SF:routes/patients.js
FN:12,(anonymous_0)
FN:40,(anonymous_1)
FN:79,(anonymous_2)
FNF:3
FNH:0
FNDA:0,(anonymous_0)
FNDA:0,(anonymous_1)
FNDA:0,(anonymous_2)
DA:5,0
DA:6,0
DA:9,0
DA:12,0
DA:13,0
DA:14,0
DA:17,0
DA:20,0
DA:23,0
DA:24,0
DA:26,0
DA:31,0
DA:40,0
DA:41,0
DA:45,0
DA:48,0
DA:65,0
DA:70,0
DA:71,0
DA:79,0
DA:80,0
DA:81,0
DA:84,0
DA:85,0
DA:88,0
DA:89,0
DA:96,0
DA:118,0
DA:119,0
DA:125,0
DA:130,0
DA:131,0
LF:32
LH:0
BRDA:17,0,0,0
BRDA:17,0,1,0
BRDA:17,0,2,0
BRDA:17,0,3,0
BRDA:23,1,0,0
BRDA:23,1,1,0
BRDA:84,2,0,0
BRDA:84,2,1,0
BRDA:88,3,0,0
BRDA:88,3,1,0
BRDA:88,4,0,0
BRDA:88,4,1,0
BRDA:118,5,0,0
BRDA:118,5,1,0
BRF:14
BRH:0
end_of_record
TN:
SF:routes/queues.js
FN:21,(anonymous_0)
FN:98,(anonymous_1)
FN:172,(anonymous_2)
FN:226,(anonymous_3)
FNF:4
FNH:0
FNDA:0,(anonymous_0)
FNDA:0,(anonymous_1)
FNDA:0,(anonymous_2)
FNDA:0,(anonymous_3)
DA:8,0
DA:9,0
DA:12,0
DA:15,0
DA:18,0
DA:21,0
DA:22,0
DA:23,0
DA:24,0
DA:39,0
DA:42,0
DA:45,0
DA:46,0
DA:48,0
DA:52,0
DA:58,0
DA:62,0
DA:63,0
DA:67,0
DA:72,0
DA:75,0
DA:81,0
DA:86,0
DA:87,0
DA:95,0
DA:99,0
DA:100,0
DA:103,0
DA:113,0
DA:116,0
DA:117,0
DA:118,0
DA:121,0
DA:133,0
DA:154,0
DA:160,0
DA:161,0
DA:170,0
DA:173,0
DA:174,0
DA:175,0
DA:177,0
DA:178,0
DA:184,0
DA:185,0
DA:186,0
DA:193,0
DA:195,0
DA:196,0
DA:197,0
DA:198,0
DA:200,0
DA:201,0
DA:202,0
DA:206,0
DA:208,0
DA:214,0
DA:215,0
DA:224,0
DA:227,0
DA:228,0
DA:231,0
DA:232,0
DA:233,0
DA:240,0
DA:247,0
DA:269,0
DA:271,0
DA:279,0
DA:288,0
DA:289,0
LF:71
LH:0
BRDA:39,0,0,0
BRDA:39,0,1,0
BRDA:39,0,2,0
BRDA:39,0,3,0
BRDA:45,1,0,0
BRDA:45,1,1,0
BRDA:117,2,0,0
BRDA:117,2,1,0
BRDA:117,3,0,0
BRDA:117,3,1,0
BRDA:127,4,0,0
BRDA:127,4,1,0
BRDA:177,5,0,0
BRDA:177,5,1,0
BRDA:185,6,0,0
BRDA:185,6,1,0
BRDA:195,7,0,0
BRDA:195,7,1,0
BRDA:195,8,0,0
BRDA:195,8,1,0
BRDA:197,9,0,0
BRDA:197,9,1,0
BRDA:197,10,0,0
BRDA:197,10,1,0
BRDA:200,11,0,0
BRDA:200,11,1,0
BRDA:232,12,0,0
BRDA:232,12,1,0
BRDA:269,13,0,0
BRDA:269,13,1,0
BRDA:281,14,0,0
BRDA:281,14,1,0
BRDA:284,15,0,0
BRDA:284,15,1,0
BRF:34
BRH:0
end_of_record
TN:
SF:routes/users.js
FN:11,(anonymous_0)
FN:38,(anonymous_1)
FNF:2
FNH:0
FNDA:0,(anonymous_0)
FNDA:0,(anonymous_1)
DA:5,0
DA:8,0
DA:11,0
DA:12,0
DA:13,0
DA:24,0
DA:29,0
DA:30,0
DA:38,0
DA:39,0
DA:40,0
DA:43,0
DA:44,0
DA:50,0
DA:61,0
DA:62,0
DA:68,0
DA:73,0
DA:74,0
LF:19
LH:0
BRDA:43,0,0,0
BRDA:43,0,1,0
BRDA:43,1,0,0
BRDA:43,1,1,0
BRDA:61,2,0,0
BRDA:61,2,1,0
BRF:6
BRH:0
end_of_record
TN:
SF:services/emrService.js
FN:5,(anonymous_0)
FN:235,(anonymous_1)
FN:239,(anonymous_2)
FN:271,(anonymous_3)
FN:275,(anonymous_4)
FN:277,(anonymous_5)
FN:297,(anonymous_6)
FN:298,(anonymous_7)
FN:300,(anonymous_8)
FN:316,(anonymous_9)
FN:320,(anonymous_10)
FN:323,(anonymous_11)
FN:342,(anonymous_12)
FN:346,(anonymous_13)
FN:348,(anonymous_14)
FN:378,(anonymous_15)
FN:381,(anonymous_16)
FN:399,(anonymous_17)
FN:402,(anonymous_18)
FN:404,(anonymous_19)
FN:413,(anonymous_20)
FN:432,(anonymous_21)
FN:445,(anonymous_22)
FN:449,(anonymous_23)
FN:470,(anonymous_24)
FN:474,(anonymous_25)
FNF:26
FNH:0
FNDA:0,(anonymous_0)
FNDA:0,(anonymous_1)
FNDA:0,(anonymous_2)
FNDA:0,(anonymous_3)
FNDA:0,(anonymous_4)
FNDA:0,(anonymous_5)
FNDA:0,(anonymous_6)
FNDA:0,(anonymous_7)
FNDA:0,(anonymous_8)
FNDA:0,(anonymous_9)
FNDA:0,(anonymous_10)
FNDA:0,(anonymous_11)
FNDA:0,(anonymous_12)
FNDA:0,(anonymous_13)
FNDA:0,(anonymous_14)
FNDA:0,(anonymous_15)
FNDA:0,(anonymous_16)
FNDA:0,(anonymous_17)
FNDA:0,(anonymous_18)
FNDA:0,(anonymous_19)
FNDA:0,(anonymous_20)
FNDA:0,(anonymous_21)
FNDA:0,(anonymous_22)
FNDA:0,(anonymous_23)
FNDA:0,(anonymous_24)
FNDA:0,(anonymous_25)
DA:7,0
DA:121,0
DA:196,0
DA:236,0
DA:239,0
DA:241,0
DA:243,0
DA:244,0
DA:246,0
DA:258,0
DA:260,0
DA:272,0
DA:275,0
DA:277,0
DA:278,0
DA:279,0
DA:286,0
DA:287,0
DA:289,0
DA:297,0
DA:298,0
DA:300,0
DA:304,0
DA:306,0
DA:317,0
DA:320,0
DA:322,0
DA:323,0
DA:324,0
DA:327,0
DA:329,0
DA:343,0
DA:346,0
DA:348,0
DA:349,0
DA:350,0
DA:359,0
DA:361,0
DA:363,0
DA:379,0
DA:381,0
DA:383,0
DA:384,0
DA:386,0
DA:400,0
DA:402,0
DA:404,0
DA:405,0
DA:406,0
DA:413,0
DA:419,0
DA:433,0
DA:434,0
DA:435,0
DA:436,0
DA:438,0
DA:439,0
DA:442,0
DA:446,0
DA:447,0
DA:449,0
DA:450,0
DA:451,0
DA:459,0
DA:460,0
DA:462,0
DA:467,0
DA:471,0
DA:473,0
DA:474,0
DA:475,0
DA:476,0
DA:477,0
DA:479,0
DA:482,0
LF:75
LH:0
BRDA:243,0,0,0
BRDA:243,0,1,0
BRDA:278,1,0,0
BRDA:278,1,1,0
BRDA:286,2,0,0
BRDA:286,2,1,0
BRDA:287,3,0,0
BRDA:287,3,1,0
BRDA:322,4,0,0
BRDA:322,4,1,0
BRDA:324,5,0,0
BRDA:324,5,1,0
BRDA:349,6,0,0
BRDA:349,6,1,0
BRDA:383,7,0,0
BRDA:383,7,1,0
BRDA:405,8,0,0
BRDA:405,8,1,0
BRDA:415,9,0,0
BRDA:415,9,1,0
BRDA:416,10,0,0
BRDA:416,10,1,0
BRDA:423,11,0,0
BRDA:423,11,1,0
BRDA:438,12,0,0
BRDA:438,12,1,0
BRDA:438,13,0,0
BRDA:438,13,1,0
BRDA:438,13,2,0
BRDA:450,14,0,0
BRDA:450,14,1,0
BRDA:455,15,0,0
BRDA:455,15,1,0
BRDA:459,16,0,0
BRDA:459,16,1,0
BRDA:459,17,0,0
BRDA:459,17,1,0
BRDA:471,18,0,0
BRDA:471,18,1,0
BRDA:475,19,0,0
BRDA:475,19,1,0
BRDA:484,20,0,0
BRDA:484,20,1,0
BRDA:485,21,0,0
BRDA:485,21,1,0
BRF:45
BRH:0
end_of_record
TN:
SF:services/notificationService.js
FN:6,(anonymous_0)
FN:10,(anonymous_1)
FN:33,(anonymous_2)
FN:40,(anonymous_3)
FN:47,(anonymous_4)
FN:54,(anonymous_5)
FN:61,(anonymous_6)
FN:86,(anonymous_7)
FN:105,(anonymous_8)
FN:123,(anonymous_9)
FNF:10
FNH:0
FNDA:0,(anonymous_0)
FNDA:0,(anonymous_1)
FNDA:0,(anonymous_2)
FNDA:0,(anonymous_3)
FNDA:0,(anonymous_4)
FNDA:0,(anonymous_5)
FNDA:0,(anonymous_6)
FNDA:0,(anonymous_7)
FNDA:0,(anonymous_8)
FNDA:0,(anonymous_9)
DA:7,0
DA:10,0
DA:13,0
DA:23,0
DA:25,0
DA:34,0
DA:36,0
DA:41,0
DA:43,0
DA:48,0
DA:50,0
DA:55,0
DA:57,0
DA:62,0
DA:65,0
DA:76,0
DA:78,0
DA:87,0
DA:90,0
DA:97,0
DA:106,0
DA:108,0
DA:109,0
DA:110,0
DA:111,0
DA:117,0
DA:119,0
DA:123,0
LF:28
LH:0
BRDA:34,0,0,0
BRDA:34,0,1,0
BRF:2
BRH:0
end_of_record
